2025-10-10 08:39:46, MOVE, v:1, k:poo@chinela, mode:PICK
2025-10-10 08:39:48, EXEC, v:1, k:poo@chinela, mode:LOCK, rate:0, size:22
2025-10-10 08:39:48, EXEC, v:1, k:poo@chinela, mode:FREE, size:22
2025-10-10 08:45:07, MOVE, v:1, k:poo@chinela, mode:BACK
2025-10-10 08:45:07, MOVE, v:1, k:poo@chinela, mode:PICK
2025-10-10 08:45:08, MOVE, v:1, k:poo@chinela, mode:BACK
2025-10-10 08:45:18, MOVE, v:1, k:poo@roupa, mode:PICK
2025-10-10 08:45:19, EXEC, v:1, k:poo@roupa, mode:FULL, rate:0, size:31
2025-10-10 08:45:33, EXEC, v:1, k:poo@roupa, mode:FULL, rate:0, size:31
2025-10-10 08:45:34, EXEC, v:1, k:poo@roupa, mode:FULL, rate:0
2025-10-10 08:45:34, EXEC, v:1, k:poo@roupa, mode:FULL, rate:0
2025-10-10 08:45:35, EXEC, v:1, k:poo@roupa, mode:FULL, rate:0
2025-10-10 08:45:35, EXEC, v:1, k:poo@roupa, mode:FULL, rate:0
2025-10-10 08:45:35, EXEC, v:1, k:poo@roupa, mode:FULL, rate:0
2025-10-10 08:45:35, EXEC, v:1, k:poo@roupa, mode:FULL, rate:0
2025-10-10 08:45:35, EXEC, v:1, k:poo@roupa, mode:FULL, rate:0
2025-10-10 08:45:35, EXEC, v:1, k:poo@roupa, mode:FULL, rate:0
2025-10-10 08:45:55, MOVE, v:1, k:poo@roupa, mode:PICK
2025-10-10 08:45:56, EXEC, v:1, k:poo@roupa, mode:FULL, rate:0
2025-10-10 08:51:37, EXEC, v:1, k:poo@roupa, mode:FULL, rate:0, size:31
2025-10-10 09:15:00, EXEC, v:1, k:poo@roupa, mode:FULL, rate:0, size:33
2025-10-10 09:15:01, EXEC, v:1, k:poo@roupa, mode:FULL, rate:0
2025-10-10 09:15:01, EXEC, v:1, k:poo@roupa, mode:FULL, rate:0
2025-10-10 09:15:01, EXEC, v:1, k:poo@roupa, mode:FULL, rate:0
2025-10-10 09:15:02, EXEC, v:1, k:poo@roupa, mode:FULL, rate:0
2025-10-10 09:15:02, EXEC, v:1, k:poo@roupa, mode:FULL, rate:0
2025-10-10 09:15:02, EXEC, v:1, k:poo@roupa, mode:FULL, rate:0
2025-10-10 09:16:16, EXEC, v:1, k:poo@roupa, mode:FULL, rate:0
2025-10-10 09:16:17, EXEC, v:1, k:poo@roupa, mode:FULL, rate:0
2025-10-10 09:16:17, EXEC, v:1, k:poo@roupa, mode:FULL, rate:0
2025-10-10 09:16:17, EXEC, v:1, k:poo@roupa, mode:FULL, rate:0
2025-10-10 09:18:02, EXEC, v:1, k:poo@roupa, mode:FULL, rate:0, size:33
2025-10-10 09:18:03, EXEC, v:1, k:poo@roupa, mode:FULL, rate:0
2025-10-10 09:19:51, EXEC, v:1, k:poo@roupa, mode:FULL, rate:0, size:33
2025-10-10 09:19:51, EXEC, v:1, k:poo@roupa, mode:FULL, rate:0, size:33
2025-10-10 09:19:52, EXEC, v:1, k:poo@roupa, mode:FULL, rate:0, size:33
2025-10-10 09:19:52, EXEC, v:1, k:poo@roupa, mode:FULL, rate:0
2025-10-10 09:20:06, EXEC, v:1, k:poo@roupa, mode:FULL, rate:0, size:33
2025-10-10 09:37:01, EXEC, v:1, k:poo@roupa, mode:FULL, rate:0, size:33
2025-10-10 09:37:01, EXEC, v:1, k:poo@roupa, mode:FULL, rate:0, size:33
2025-10-10 09:37:32, EXEC, v:1, k:poo@roupa, mode:FREE, size:33
2025-10-10 09:42:24, MOVE, v:1, k:poo@roupa, mode:PICK
2025-10-10 09:42:24, EXEC, v:1, k:poo@roupa, mode:FULL, rate:0
2025-10-10 09:42:24, EXEC, v:1, k:poo@roupa, mode:FULL, rate:0
2025-10-10 09:42:27, MOVE, v:1, k:poo@roupa, mode:BACK
2025-10-10 09:42:27, MOVE, v:1, k:poo@roupa, mode:PICK
2025-10-10 09:42:29, EXEC, v:1, k:poo@roupa, mode:FREE
2025-10-10 09:48:49, EXEC, v:1, k:poo@roupa, mode:FULL, rate:0, size:33
2025-10-10 09:49:58, EXEC, v:1, k:poo@roupa, mode:FULL, rate:0, size:31
2025-10-10 09:50:01, EXEC, v:1, k:poo@roupa, mode:FULL, rate:0
2025-10-10 09:50:01, EXEC, v:1, k:poo@roupa, mode:FULL, rate:0
2025-10-10 09:50:02, EXEC, v:1, k:poo@roupa, mode:FULL, rate:0
2025-10-10 09:50:02, EXEC, v:1, k:poo@roupa, mode:FULL, rate:0
2025-10-10 09:50:02, EXEC, v:1, k:poo@roupa, mode:FULL, rate:0
2025-10-10 09:50:17, MOVE, v:1, k:poo@roupa, mode:PICK
2025-10-10 09:50:18, EXEC, v:1, k:poo@roupa, mode:FULL, rate:0, size:34
2025-10-10 09:51:01, EXEC, v:1, k:poo@roupa, mode:FULL, rate:0, size:34
2025-10-10 09:51:02, EXEC, v:1, k:poo@roupa, mode:FULL, rate:0
2025-10-10 09:51:02, EXEC, v:1, k:poo@roupa, mode:FULL, rate:0
2025-10-10 09:51:02, EXEC, v:1, k:poo@roupa, mode:FULL, rate:0
2025-10-10 09:51:03, EXEC, v:1, k:poo@roupa, mode:FULL, rate:0
2025-10-10 09:51:03, EXEC, v:1, k:poo@roupa, mode:FULL, rate:0
2025-10-10 09:51:03, EXEC, v:1, k:poo@roupa, mode:FULL, rate:0
2025-10-10 09:51:03, EXEC, v:1, k:poo@roupa, mode:FULL, rate:0
2025-10-10 09:51:04, EXEC, v:1, k:poo@roupa, mode:FULL, rate:0
2025-10-10 09:51:04, EXEC, v:1, k:poo@roupa, mode:FULL, rate:0
2025-10-10 09:51:04, EXEC, v:1, k:poo@roupa, mode:FULL, rate:0
2025-10-10 09:51:04, EXEC, v:1, k:poo@roupa, mode:FULL, rate:0
2025-10-10 09:51:13, EXEC, v:1, k:poo@roupa, mode:FREE
2025-10-10 09:57:54, MOVE, v:1, k:poo@roupa, mode:BACK
2025-10-10 09:57:54, MOVE, v:1, k:poo@roupa, mode:PICK
2025-10-10 09:57:55, MOVE, v:1, k:poo@roupa, mode:BACK
