2025-10-08 15:27:20, MOVE, v:1, k:poo@chinela, mode:PICK
2025-10-08 15:27:21, EXEC, v:1, k:poo@chinela, mode:LOCK, rate:0, size:20
2025-10-08 15:27:24, EXEC, v:1, k:poo@chinela, mode:LOCK, rate:0
2025-10-08 15:27:55, MOVE, v:1, k:poo@chinela, mode:PICK
2025-10-08 15:27:56, EXEC, v:1, k:poo@chinela, mode:LOCK, rate:0
2025-10-08 15:28:44, EXEC, v:1, k:poo@chinela, mode:LOCK, rate:0, size:20
2025-10-08 15:28:45, EXEC, v:1, k:poo@chinela, mode:LOCK, rate:0
2025-10-08 15:28:45, EXEC, v:1, k:poo@chinela, mode:LOCK, rate:0
2025-10-08 15:28:46, EXEC, v:1, k:poo@chinela, mode:LOCK, rate:0
2025-10-08 15:28:46, EXEC, v:1, k:poo@chinela, mode:LOCK, rate:0
2025-10-08 15:28:46, EXEC, v:1, k:poo@chinela, mode:LOCK, rate:0
2025-10-08 15:28:47, EXEC, v:1, k:poo@chinela, mode:LOCK, rate:0
2025-10-08 15:28:57, EXEC, v:1, k:poo@chinela, mode:LOCK, rate:0, size:20
2025-10-08 15:29:31, MOVE, v:1, k:poo@chinela, mode:PICK
2025-10-08 15:29:37, EXEC, v:1, k:poo@chinela, mode:LOCK, rate:0
2025-10-08 15:38:09, EXEC, v:1, k:poo@chinela, mode:LOCK, rate:0, size:22
2025-10-08 15:38:10, EXEC, v:1, k:poo@chinela, mode:LOCK, rate:0
2025-10-08 15:44:13, EXEC, v:1, k:poo@chinela, mode:FREE, size:22
2025-10-08 15:46:14, MOVE, v:1, k:poo@chinela, mode:PICK
2025-10-08 15:46:15, EXEC, v:1, k:poo@chinela, mode:LOCK, rate:0, size:22
2025-10-08 15:46:16, EXEC, v:1, k:poo@chinela, mode:LOCK, rate:0
2025-10-08 15:46:17, EXEC, v:1, k:poo@chinela, mode:FREE
2025-10-08 16:29:27, MOVE, v:1, k:poo@chinela, mode:BACK
2025-10-08 16:29:27, MOVE, v:1, k:poo@chinela, mode:PICK
2025-10-08 16:29:28, MOVE, v:1, k:poo@chinela, mode:BACK
