2025-10-09 12:51:03, MOVE, v:1, k:poo@camisa, mode:DOWN
2025-10-09 12:51:14, MOVE, v:1, k:poo@camisa, mode:PICK
2025-10-09 12:51:15, EXEC, v:1, k:poo@camisa, mode:LOCK, rate:100, size:0
2025-10-09 12:51:16, EXEC, v:1, k:poo@camisa, mode:LOCK, rate:100
2025-10-09 13:01:22, EXEC, v:1, k:poo@camisa, mode:FREE, size:22
2025-10-09 13:02:35, MOVE, v:1, k:poo@camisa, mode:BACK
2025-10-09 13:03:20, MOVE, v:1, k:poo@camisa, mode:PICK
2025-10-09 13:03:21, EXEC, v:1, k:poo@camisa, mode:FREE, size:23
2025-10-09 13:15:06, MOVE, v:1, k:poo@camisa, mode:PICK
2025-10-09 13:15:08, EXEC, v:1, k:poo@camisa, mode:FREE, size:38
2025-10-09 13:20:47, MOVE, v:1, k:poo@camisa, mode:PICK
2025-10-09 13:20:50, EXEC, v:1, k:poo@camisa, mode:FREE, size:22
2025-10-09 13:28:36, MOVE, v:1, k:poo@camisa, mode:BACK
2025-10-09 13:28:36, MOVE, v:1, k:poo@camisa, mode:PICK
2025-10-09 13:28:37, MOVE, v:1, k:poo@camisa, mode:BACK
2025-10-09 13:28:37, MOVE, v:1, k:poo@camisa, mode:PICK
2025-10-09 13:28:38, MOVE, v:1, k:poo@camisa, mode:BACK
2025-10-09 13:28:39, MOVE, v:1, k:poo@camisa, mode:PICK
2025-10-09 13:28:39, MOVE, v:1, k:poo@camisa, mode:BACK
2025-10-09 13:28:40, MOVE, v:1, k:poo@camisa, mode:PICK
2025-10-09 13:28:40, MOVE, v:1, k:poo@camisa, mode:BACK
